2020-04-08 00:20:47.225 [main] DEBUG com.ranjit.o2o.O2oApplication - Running with Spring Boot v2.2.6.RELEASE, Spring v5.2.5.RELEASE
2020-04-08 00:21:13.021 [http-nio-80-exec-1] DEBUG c.ranjit.o2o.dao.ShopCategoryDao.queryShopCategory - ==>  Preparing: SELECT shop_category_id, shop_category_name, shop_category_desc, shop_category_img, priority, create_time, last_edit_time, parent_id FROM tb_shop_category WHERE parent_id is null ORDER BY priority DESC 
2020-04-08 00:21:13.045 [http-nio-80-exec-1] DEBUG c.ranjit.o2o.dao.ShopCategoryDao.queryShopCategory - ==> Parameters: 
2020-04-08 00:21:13.096 [http-nio-80-exec-1] DEBUG c.ranjit.o2o.dao.ShopCategoryDao.queryShopCategory - <==      Total: 6
2020-04-08 00:21:13.244 [http-nio-80-exec-1] DEBUG c.ranjit.o2o.dao.ShopCategoryDao.queryShopCategory - ==>  Preparing: SELECT shop_category_id, shop_category_name, shop_category_desc, shop_category_img, priority, create_time, last_edit_time, parent_id FROM tb_shop_category WHERE parent_id is null ORDER BY priority DESC 
2020-04-08 00:21:13.245 [http-nio-80-exec-1] DEBUG c.ranjit.o2o.dao.ShopCategoryDao.queryShopCategory - ==> Parameters: 
2020-04-08 00:21:13.299 [http-nio-80-exec-1] DEBUG c.ranjit.o2o.dao.ShopCategoryDao.queryShopCategory - <==      Total: 6
2020-04-08 00:21:13.440 [http-nio-80-exec-1] DEBUG com.ranjit.o2o.dao.HeadLineDao.queryHeadLine - ==>  Preparing: SELECT line_id, line_name, line_link, line_img, priority, enable_status, create_time, last_edit_time FROM tb_head_line WHERE enable_status = ? ORDER BY priority DESC 
2020-04-08 00:21:13.440 [http-nio-80-exec-1] DEBUG com.ranjit.o2o.dao.HeadLineDao.queryHeadLine - ==> Parameters: 1(Integer)
2020-04-08 00:21:13.476 [http-nio-80-exec-1] DEBUG com.ranjit.o2o.dao.HeadLineDao.queryHeadLine - <==      Total: 4
2020-04-08 00:39:58.116 [http-nio-80-exec-1] DEBUG c.ranjit.o2o.dao.ShopCategoryDao.queryShopCategory - ==>  Preparing: SELECT shop_category_id, shop_category_name, shop_category_desc, shop_category_img, priority, create_time, last_edit_time, parent_id FROM tb_shop_category WHERE parent_id is null ORDER BY priority DESC 
2020-04-08 00:39:58.116 [http-nio-80-exec-1] DEBUG c.ranjit.o2o.dao.ShopCategoryDao.queryShopCategory - ==> Parameters: 
2020-04-08 00:39:59.447 [http-nio-80-exec-9] DEBUG c.ranjit.o2o.dao.ShopCategoryDao.queryShopCategory - ==>  Preparing: SELECT shop_category_id, shop_category_name, shop_category_desc, shop_category_img, priority, create_time, last_edit_time, parent_id FROM tb_shop_category WHERE parent_id is null ORDER BY priority DESC 
2020-04-08 00:39:59.448 [http-nio-80-exec-9] DEBUG c.ranjit.o2o.dao.ShopCategoryDao.queryShopCategory - ==> Parameters: 
2020-04-08 00:40:04.792 [http-nio-80-exec-10] DEBUG c.ranjit.o2o.dao.ShopCategoryDao.queryShopCategory - ==>  Preparing: SELECT shop_category_id, shop_category_name, shop_category_desc, shop_category_img, priority, create_time, last_edit_time, parent_id FROM tb_shop_category WHERE parent_id is null ORDER BY priority DESC 
2020-04-08 00:40:04.792 [http-nio-80-exec-10] DEBUG c.ranjit.o2o.dao.ShopCategoryDao.queryShopCategory - ==> Parameters: 
2020-04-08 00:40:05.527 [http-nio-80-exec-5] DEBUG c.ranjit.o2o.dao.ShopCategoryDao.queryShopCategory - ==>  Preparing: SELECT shop_category_id, shop_category_name, shop_category_desc, shop_category_img, priority, create_time, last_edit_time, parent_id FROM tb_shop_category WHERE parent_id is null ORDER BY priority DESC 
2020-04-08 00:40:05.528 [http-nio-80-exec-5] DEBUG c.ranjit.o2o.dao.ShopCategoryDao.queryShopCategory - ==> Parameters: 
2020-04-08 00:40:06.152 [http-nio-80-exec-4] DEBUG c.ranjit.o2o.dao.ShopCategoryDao.queryShopCategory - ==>  Preparing: SELECT shop_category_id, shop_category_name, shop_category_desc, shop_category_img, priority, create_time, last_edit_time, parent_id FROM tb_shop_category WHERE parent_id is null ORDER BY priority DESC 
2020-04-08 00:40:06.153 [http-nio-80-exec-4] DEBUG c.ranjit.o2o.dao.ShopCategoryDao.queryShopCategory - ==> Parameters: 
2020-04-08 00:40:18.169 [http-nio-80-exec-8] DEBUG c.ranjit.o2o.dao.ShopCategoryDao.queryShopCategory - ==>  Preparing: SELECT shop_category_id, shop_category_name, shop_category_desc, shop_category_img, priority, create_time, last_edit_time, parent_id FROM tb_shop_category WHERE parent_id is null ORDER BY priority DESC 
2020-04-08 00:40:18.169 [http-nio-80-exec-8] DEBUG c.ranjit.o2o.dao.ShopCategoryDao.queryShopCategory - ==> Parameters: 
2020-04-08 00:40:18.224 [http-nio-80-exec-8] DEBUG c.ranjit.o2o.dao.ShopCategoryDao.queryShopCategory - <==      Total: 6
2020-04-08 00:51:22.219 [http-nio-80-exec-8] DEBUG c.ranjit.o2o.dao.ShopCategoryDao.queryShopCategory - ==>  Preparing: SELECT shop_category_id, shop_category_name, shop_category_desc, shop_category_img, priority, create_time, last_edit_time, parent_id FROM tb_shop_category WHERE parent_id is null ORDER BY priority DESC 
2020-04-08 00:51:22.220 [http-nio-80-exec-8] DEBUG c.ranjit.o2o.dao.ShopCategoryDao.queryShopCategory - ==> Parameters: 
2020-04-08 00:58:29.010 [main] DEBUG com.ranjit.o2o.O2oApplication - Running with Spring Boot v2.2.6.RELEASE, Spring v5.2.5.RELEASE
2020-04-08 00:59:11.964 [http-nio-80-exec-5] DEBUG c.ranjit.o2o.dao.ShopCategoryDao.queryShopCategory - ==>  Preparing: SELECT shop_category_id, shop_category_name, shop_category_desc, shop_category_img, priority, create_time, last_edit_time, parent_id FROM tb_shop_category WHERE parent_id is null ORDER BY priority DESC 
2020-04-08 00:59:11.994 [http-nio-80-exec-5] DEBUG c.ranjit.o2o.dao.ShopCategoryDao.queryShopCategory - ==> Parameters: 
2020-04-08 00:59:12.054 [http-nio-80-exec-5] DEBUG c.ranjit.o2o.dao.ShopCategoryDao.queryShopCategory - <==      Total: 6
2020-04-08 00:59:15.109 [http-nio-80-exec-4] DEBUG c.ranjit.o2o.dao.ShopCategoryDao.queryShopCategory - ==>  Preparing: SELECT shop_category_id, shop_category_name, shop_category_desc, shop_category_img, priority, create_time, last_edit_time, parent_id FROM tb_shop_category WHERE parent_id is null ORDER BY priority DESC 
2020-04-08 00:59:15.110 [http-nio-80-exec-4] DEBUG c.ranjit.o2o.dao.ShopCategoryDao.queryShopCategory - ==> Parameters: 
2020-04-08 00:59:15.156 [http-nio-80-exec-4] DEBUG c.ranjit.o2o.dao.ShopCategoryDao.queryShopCategory - <==      Total: 6
2020-04-08 00:59:49.024 [http-nio-80-exec-8] DEBUG c.ranjit.o2o.dao.ShopCategoryDao.queryShopCategory - ==>  Preparing: SELECT shop_category_id, shop_category_name, shop_category_desc, shop_category_img, priority, create_time, last_edit_time, parent_id FROM tb_shop_category WHERE parent_id is null ORDER BY priority DESC 
2020-04-08 00:59:49.024 [http-nio-80-exec-8] DEBUG c.ranjit.o2o.dao.ShopCategoryDao.queryShopCategory - ==> Parameters: 
2020-04-08 00:59:49.070 [http-nio-80-exec-8] DEBUG c.ranjit.o2o.dao.ShopCategoryDao.queryShopCategory - <==      Total: 6
2020-04-08 00:59:50.055 [http-nio-80-exec-10] DEBUG c.ranjit.o2o.dao.ShopCategoryDao.queryShopCategory - ==>  Preparing: SELECT shop_category_id, shop_category_name, shop_category_desc, shop_category_img, priority, create_time, last_edit_time, parent_id FROM tb_shop_category WHERE parent_id is null ORDER BY priority DESC 
2020-04-08 00:59:50.056 [http-nio-80-exec-10] DEBUG c.ranjit.o2o.dao.ShopCategoryDao.queryShopCategory - ==> Parameters: 
2020-04-08 00:59:50.103 [http-nio-80-exec-10] DEBUG c.ranjit.o2o.dao.ShopCategoryDao.queryShopCategory - <==      Total: 6
2020-04-08 01:00:38.832 [main] DEBUG com.ranjit.o2o.O2oApplication - Running with Spring Boot v2.2.6.RELEASE, Spring v5.2.5.RELEASE
2020-04-08 01:01:04.308 [http-nio-80-exec-5] DEBUG c.ranjit.o2o.dao.ShopCategoryDao.queryShopCategory - ==>  Preparing: SELECT shop_category_id, shop_category_name, shop_category_desc, shop_category_img, priority, create_time, last_edit_time, parent_id FROM tb_shop_category WHERE parent_id is null ORDER BY priority DESC 
2020-04-08 01:01:04.328 [http-nio-80-exec-5] DEBUG c.ranjit.o2o.dao.ShopCategoryDao.queryShopCategory - ==> Parameters: 
2020-04-08 01:01:04.393 [http-nio-80-exec-5] DEBUG c.ranjit.o2o.dao.ShopCategoryDao.queryShopCategory - <==      Total: 6
2020-04-08 01:16:14.093 [main] DEBUG com.ranjit.o2o.dao.AreaDaoTest - Running with Spring Boot v2.2.6.RELEASE, Spring v5.2.5.RELEASE
2020-04-08 01:16:18.822 [main] DEBUG com.ranjit.o2o.dao.AreaDao.queryArea - ==>  Preparing: SELECT area_id, area_name, priority, create_time, last_edit_time FROM tb_area ORDER BY priority DESC 
2020-04-08 01:16:18.852 [main] DEBUG com.ranjit.o2o.dao.AreaDao.queryArea - ==> Parameters: 
2020-04-08 01:16:18.936 [main] DEBUG com.ranjit.o2o.dao.AreaDao.queryArea - <==      Total: 5
2020-04-08 01:40:27.045 [main] DEBUG com.ranjit.o2o.O2oApplication - Running with Spring Boot v2.2.6.RELEASE, Spring v5.2.5.RELEASE
2020-04-08 01:40:54.886 [http-nio-8080-exec-8] DEBUG c.ranjit.o2o.dao.ShopCategoryDao.queryShopCategory - ==>  Preparing: SELECT shop_category_id, shop_category_name, shop_category_desc, shop_category_img, priority, create_time, last_edit_time, parent_id FROM tb_shop_category WHERE parent_id is null ORDER BY priority DESC 
2020-04-08 01:40:54.908 [http-nio-8080-exec-8] DEBUG c.ranjit.o2o.dao.ShopCategoryDao.queryShopCategory - ==> Parameters: 
2020-04-08 01:40:54.994 [http-nio-8080-exec-8] DEBUG c.ranjit.o2o.dao.ShopCategoryDao.queryShopCategory - <==      Total: 6
2020-04-08 01:41:05.355 [http-nio-8080-exec-5] DEBUG c.ranjit.o2o.dao.ShopCategoryDao.queryShopCategory - ==>  Preparing: SELECT shop_category_id, shop_category_name, shop_category_desc, shop_category_img, priority, create_time, last_edit_time, parent_id FROM tb_shop_category WHERE parent_id is null ORDER BY priority DESC 
2020-04-08 01:41:05.356 [http-nio-8080-exec-5] DEBUG c.ranjit.o2o.dao.ShopCategoryDao.queryShopCategory - ==> Parameters: 
2020-04-08 01:41:05.391 [http-nio-8080-exec-5] DEBUG c.ranjit.o2o.dao.ShopCategoryDao.queryShopCategory - <==      Total: 6
2020-04-08 01:43:32.906 [http-nio-8080-exec-1] DEBUG c.ranjit.o2o.dao.ShopCategoryDao.queryShopCategory - ==>  Preparing: SELECT shop_category_id, shop_category_name, shop_category_desc, shop_category_img, priority, create_time, last_edit_time, parent_id FROM tb_shop_category WHERE parent_id is null ORDER BY priority DESC 
2020-04-08 01:43:32.907 [http-nio-8080-exec-1] DEBUG c.ranjit.o2o.dao.ShopCategoryDao.queryShopCategory - ==> Parameters: 
2020-04-08 01:43:32.951 [http-nio-8080-exec-1] DEBUG c.ranjit.o2o.dao.ShopCategoryDao.queryShopCategory - <==      Total: 6
2020-04-08 01:43:39.765 [http-nio-8080-exec-5] DEBUG c.ranjit.o2o.dao.ShopCategoryDao.queryShopCategory - ==>  Preparing: SELECT shop_category_id, shop_category_name, shop_category_desc, shop_category_img, priority, create_time, last_edit_time, parent_id FROM tb_shop_category WHERE parent_id is null ORDER BY priority DESC 
2020-04-08 01:43:39.767 [http-nio-8080-exec-5] DEBUG c.ranjit.o2o.dao.ShopCategoryDao.queryShopCategory - ==> Parameters: 
2020-04-08 01:43:39.798 [http-nio-8080-exec-5] DEBUG c.ranjit.o2o.dao.ShopCategoryDao.queryShopCategory - <==      Total: 6
2020-04-08 01:43:46.394 [http-nio-8080-exec-3] DEBUG c.ranjit.o2o.dao.ShopCategoryDao.queryShopCategory - ==>  Preparing: SELECT shop_category_id, shop_category_name, shop_category_desc, shop_category_img, priority, create_time, last_edit_time, parent_id FROM tb_shop_category WHERE parent_id is null ORDER BY priority DESC 
2020-04-08 01:43:46.394 [http-nio-8080-exec-3] DEBUG c.ranjit.o2o.dao.ShopCategoryDao.queryShopCategory - ==> Parameters: 
2020-04-08 01:43:46.427 [http-nio-8080-exec-3] DEBUG c.ranjit.o2o.dao.ShopCategoryDao.queryShopCategory - <==      Total: 6
2020-04-08 01:44:13.346 [http-nio-8080-exec-5] DEBUG c.ranjit.o2o.dao.ShopCategoryDao.queryShopCategory - ==>  Preparing: SELECT shop_category_id, shop_category_name, shop_category_desc, shop_category_img, priority, create_time, last_edit_time, parent_id FROM tb_shop_category WHERE parent_id is null ORDER BY priority DESC 
2020-04-08 01:44:13.346 [http-nio-8080-exec-5] DEBUG c.ranjit.o2o.dao.ShopCategoryDao.queryShopCategory - ==> Parameters: 
2020-04-08 01:44:13.386 [http-nio-8080-exec-5] DEBUG c.ranjit.o2o.dao.ShopCategoryDao.queryShopCategory - <==      Total: 6
2020-04-08 02:09:43.112 [http-nio-8080-exec-1] DEBUG c.ranjit.o2o.dao.ShopCategoryDao.queryShopCategory - ==>  Preparing: SELECT shop_category_id, shop_category_name, shop_category_desc, shop_category_img, priority, create_time, last_edit_time, parent_id FROM tb_shop_category WHERE parent_id is null ORDER BY priority DESC 
2020-04-08 02:09:43.133 [http-nio-8080-exec-1] DEBUG c.ranjit.o2o.dao.ShopCategoryDao.queryShopCategory - ==> Parameters: 
2020-04-08 02:09:54.169 [http-nio-8080-exec-5] DEBUG c.ranjit.o2o.dao.ShopCategoryDao.queryShopCategory - ==>  Preparing: SELECT shop_category_id, shop_category_name, shop_category_desc, shop_category_img, priority, create_time, last_edit_time, parent_id FROM tb_shop_category WHERE parent_id is null ORDER BY priority DESC 
2020-04-08 02:09:54.171 [http-nio-8080-exec-5] DEBUG c.ranjit.o2o.dao.ShopCategoryDao.queryShopCategory - ==> Parameters: 
2020-04-08 02:09:55.089 [http-nio-8080-exec-4] DEBUG c.ranjit.o2o.dao.ShopCategoryDao.queryShopCategory - ==>  Preparing: SELECT shop_category_id, shop_category_name, shop_category_desc, shop_category_img, priority, create_time, last_edit_time, parent_id FROM tb_shop_category WHERE parent_id is null ORDER BY priority DESC 
2020-04-08 02:09:55.093 [http-nio-8080-exec-4] DEBUG c.ranjit.o2o.dao.ShopCategoryDao.queryShopCategory - ==> Parameters: 
2020-04-08 02:09:55.859 [http-nio-8080-exec-2] DEBUG c.ranjit.o2o.dao.ShopCategoryDao.queryShopCategory - ==>  Preparing: SELECT shop_category_id, shop_category_name, shop_category_desc, shop_category_img, priority, create_time, last_edit_time, parent_id FROM tb_shop_category WHERE parent_id is null ORDER BY priority DESC 
2020-04-08 02:09:55.862 [http-nio-8080-exec-2] DEBUG c.ranjit.o2o.dao.ShopCategoryDao.queryShopCategory - ==> Parameters: 
2020-04-08 02:10:15.377 [main] DEBUG com.ranjit.o2o.O2oApplication - Running with Spring Boot v2.2.6.RELEASE, Spring v5.2.5.RELEASE
2020-04-08 02:10:24.803 [http-nio-8080-exec-2] DEBUG c.ranjit.o2o.dao.ShopCategoryDao.queryShopCategory - ==>  Preparing: SELECT shop_category_id, shop_category_name, shop_category_desc, shop_category_img, priority, create_time, last_edit_time, parent_id FROM tb_shop_category WHERE parent_id is null ORDER BY priority DESC 
2020-04-08 02:10:24.829 [http-nio-8080-exec-2] DEBUG c.ranjit.o2o.dao.ShopCategoryDao.queryShopCategory - ==> Parameters: 
2020-04-08 02:10:24.909 [http-nio-8080-exec-2] DEBUG c.ranjit.o2o.dao.ShopCategoryDao.queryShopCategory - <==      Total: 6
2020-04-08 02:10:25.144 [http-nio-8080-exec-4] DEBUG c.ranjit.o2o.dao.ShopCategoryDao.queryShopCategory - ==>  Preparing: SELECT shop_category_id, shop_category_name, shop_category_desc, shop_category_img, priority, create_time, last_edit_time, parent_id FROM tb_shop_category WHERE parent_id is null ORDER BY priority DESC 
2020-04-08 02:10:25.145 [http-nio-8080-exec-4] DEBUG c.ranjit.o2o.dao.ShopCategoryDao.queryShopCategory - ==> Parameters: 
2020-04-08 02:10:25.187 [http-nio-8080-exec-4] DEBUG c.ranjit.o2o.dao.ShopCategoryDao.queryShopCategory - <==      Total: 6
2020-04-08 02:10:25.744 [http-nio-8080-exec-7] DEBUG c.ranjit.o2o.dao.ShopCategoryDao.queryShopCategory - ==>  Preparing: SELECT shop_category_id, shop_category_name, shop_category_desc, shop_category_img, priority, create_time, last_edit_time, parent_id FROM tb_shop_category WHERE parent_id is null ORDER BY priority DESC 
2020-04-08 02:10:25.744 [http-nio-8080-exec-7] DEBUG c.ranjit.o2o.dao.ShopCategoryDao.queryShopCategory - ==> Parameters: 
2020-04-08 02:10:25.788 [http-nio-8080-exec-7] DEBUG c.ranjit.o2o.dao.ShopCategoryDao.queryShopCategory - <==      Total: 6
2020-04-08 02:11:56.022 [http-nio-8080-exec-9] DEBUG c.ranjit.o2o.dao.ShopCategoryDao.queryShopCategory - ==>  Preparing: SELECT shop_category_id, shop_category_name, shop_category_desc, shop_category_img, priority, create_time, last_edit_time, parent_id FROM tb_shop_category WHERE parent_id is not null and parent_id = ? ORDER BY priority DESC 
2020-04-08 02:11:56.025 [http-nio-8080-exec-9] DEBUG c.ranjit.o2o.dao.ShopCategoryDao.queryShopCategory - ==> Parameters: 11(Long)
2020-04-08 02:11:56.027 [http-nio-8080-exec-10] DEBUG com.ranjit.o2o.dao.ShopDao.queryShopList - ==>  Preparing: SELECT s.shop_id, s.shop_name, s.shop_desc, s.shop_addr, s.phone, s.shop_img, s.priority, s.create_time, s.last_edit_time, s.enable_status, s.advice, a.area_id, a.area_name, sc.shop_category_id, sc.shop_category_name FROM tb_shop s, tb_area a, tb_shop_category sc WHERE s.shop_category_id in (select shop_category_id from tb_shop_category WHERE parent_id = ?) and s.enable_status = ? AND s.area_id=a.area_id AND s.shop_category_id = sc.shop_category_id ORDER BY s.priority DESC LIMIT ?,?; 
2020-04-08 02:11:56.027 [http-nio-8080-exec-10] DEBUG com.ranjit.o2o.dao.ShopDao.queryShopList - ==> Parameters: 11(Long), 1(Integer), 0(Integer), 3(Integer)
2020-04-08 02:11:56.058 [http-nio-8080-exec-9] DEBUG c.ranjit.o2o.dao.ShopCategoryDao.queryShopCategory - <==      Total: 2
2020-04-08 02:11:56.058 [http-nio-8080-exec-10] DEBUG com.ranjit.o2o.dao.ShopDao.queryShopList - <==      Total: 2
2020-04-08 02:11:56.060 [http-nio-8080-exec-10] DEBUG com.ranjit.o2o.dao.ShopDao.queryShopCount - ==>  Preparing: SELECT count(1) FROM tb_shop s, tb_area a, tb_shop_category sc WHERE s.shop_category_id in (select shop_category_id from tb_shop_category WHERE parent_id = ?) and s.enable_status = ? AND s.area_id=a.area_id AND s.shop_category_id = sc.shop_category_id 
2020-04-08 02:11:56.060 [http-nio-8080-exec-10] DEBUG com.ranjit.o2o.dao.ShopDao.queryShopCount - ==> Parameters: 11(Long), 1(Integer)
2020-04-08 02:11:56.067 [http-nio-8080-exec-9] DEBUG c.ranjit.o2o.dao.ShopCategoryDao.queryShopCategory - ==>  Preparing: SELECT shop_category_id, shop_category_name, shop_category_desc, shop_category_img, priority, create_time, last_edit_time, parent_id FROM tb_shop_category WHERE parent_id is not null and parent_id = ? ORDER BY priority DESC 
2020-04-08 02:11:56.068 [http-nio-8080-exec-9] DEBUG c.ranjit.o2o.dao.ShopCategoryDao.queryShopCategory - ==> Parameters: 11(Long)
2020-04-08 02:11:56.092 [http-nio-8080-exec-10] DEBUG com.ranjit.o2o.dao.ShopDao.queryShopCount - <==      Total: 1
2020-04-08 02:11:56.104 [http-nio-8080-exec-9] DEBUG c.ranjit.o2o.dao.ShopCategoryDao.queryShopCategory - <==      Total: 2
2020-04-08 02:13:56.783 [http-nio-8080-exec-6] DEBUG c.ranjit.o2o.dao.ShopCategoryDao.queryShopCategory - ==>  Preparing: SELECT shop_category_id, shop_category_name, shop_category_desc, shop_category_img, priority, create_time, last_edit_time, parent_id FROM tb_shop_category WHERE parent_id is null ORDER BY priority DESC 
2020-04-08 02:13:56.784 [http-nio-8080-exec-6] DEBUG c.ranjit.o2o.dao.ShopCategoryDao.queryShopCategory - ==> Parameters: 
2020-04-08 02:13:56.819 [http-nio-8080-exec-6] DEBUG c.ranjit.o2o.dao.ShopCategoryDao.queryShopCategory - <==      Total: 6
2020-04-08 02:14:28.927 [http-nio-8080-exec-2] DEBUG c.ranjit.o2o.dao.ShopCategoryDao.queryShopCategory - ==>  Preparing: SELECT shop_category_id, shop_category_name, shop_category_desc, shop_category_img, priority, create_time, last_edit_time, parent_id FROM tb_shop_category WHERE parent_id is null ORDER BY priority DESC 
2020-04-08 02:14:28.927 [http-nio-8080-exec-2] DEBUG c.ranjit.o2o.dao.ShopCategoryDao.queryShopCategory - ==> Parameters: 
2020-04-08 02:14:28.966 [http-nio-8080-exec-2] DEBUG c.ranjit.o2o.dao.ShopCategoryDao.queryShopCategory - <==      Total: 6
2020-04-08 02:15:53.246 [main] DEBUG com.ranjit.o2o.O2oApplication - Running with Spring Boot v2.2.6.RELEASE, Spring v5.2.5.RELEASE
2020-04-08 02:33:51.468 [http-nio-8080-exec-9] DEBUG c.ranjit.o2o.dao.ShopCategoryDao.queryShopCategory - ==>  Preparing: SELECT shop_category_id, shop_category_name, shop_category_desc, shop_category_img, priority, create_time, last_edit_time, parent_id FROM tb_shop_category WHERE parent_id is null ORDER BY priority DESC 
2020-04-08 02:33:51.516 [http-nio-8080-exec-9] DEBUG c.ranjit.o2o.dao.ShopCategoryDao.queryShopCategory - ==> Parameters: 
2020-04-08 02:33:51.577 [http-nio-8080-exec-9] DEBUG c.ranjit.o2o.dao.ShopCategoryDao.queryShopCategory - <==      Total: 6
2020-04-08 02:33:54.411 [http-nio-8080-exec-2] DEBUG c.ranjit.o2o.dao.ShopCategoryDao.queryShopCategory - ==>  Preparing: SELECT shop_category_id, shop_category_name, shop_category_desc, shop_category_img, priority, create_time, last_edit_time, parent_id FROM tb_shop_category WHERE parent_id is not null and parent_id = ? ORDER BY priority DESC 
2020-04-08 02:33:54.411 [http-nio-8080-exec-2] DEBUG c.ranjit.o2o.dao.ShopCategoryDao.queryShopCategory - ==> Parameters: 10(Long)
2020-04-08 02:33:54.413 [http-nio-8080-exec-6] DEBUG com.ranjit.o2o.dao.ShopDao.queryShopList - ==>  Preparing: SELECT s.shop_id, s.shop_name, s.shop_desc, s.shop_addr, s.phone, s.shop_img, s.priority, s.create_time, s.last_edit_time, s.enable_status, s.advice, a.area_id, a.area_name, sc.shop_category_id, sc.shop_category_name FROM tb_shop s, tb_area a, tb_shop_category sc WHERE s.shop_category_id in (select shop_category_id from tb_shop_category WHERE parent_id = ?) and s.enable_status = ? AND s.area_id=a.area_id AND s.shop_category_id = sc.shop_category_id ORDER BY s.priority DESC LIMIT ?,?; 
2020-04-08 02:33:54.413 [http-nio-8080-exec-6] DEBUG com.ranjit.o2o.dao.ShopDao.queryShopList - ==> Parameters: 10(Long), 1(Integer), 0(Integer), 3(Integer)
2020-04-08 02:33:54.444 [http-nio-8080-exec-2] DEBUG c.ranjit.o2o.dao.ShopCategoryDao.queryShopCategory - <==      Total: 2
2020-04-08 02:33:54.446 [http-nio-8080-exec-6] DEBUG com.ranjit.o2o.dao.ShopDao.queryShopList - <==      Total: 3
2020-04-08 02:33:54.450 [http-nio-8080-exec-6] DEBUG com.ranjit.o2o.dao.ShopDao.queryShopCount - ==>  Preparing: SELECT count(1) FROM tb_shop s, tb_area a, tb_shop_category sc WHERE s.shop_category_id in (select shop_category_id from tb_shop_category WHERE parent_id = ?) and s.enable_status = ? AND s.area_id=a.area_id AND s.shop_category_id = sc.shop_category_id 
2020-04-08 02:33:54.451 [http-nio-8080-exec-6] DEBUG com.ranjit.o2o.dao.ShopDao.queryShopCount - ==> Parameters: 10(Long), 1(Integer)
2020-04-08 02:33:54.456 [http-nio-8080-exec-2] DEBUG c.ranjit.o2o.dao.ShopCategoryDao.queryShopCategory - ==>  Preparing: SELECT shop_category_id, shop_category_name, shop_category_desc, shop_category_img, priority, create_time, last_edit_time, parent_id FROM tb_shop_category WHERE parent_id is not null and parent_id = ? ORDER BY priority DESC 
2020-04-08 02:33:54.457 [http-nio-8080-exec-2] DEBUG c.ranjit.o2o.dao.ShopCategoryDao.queryShopCategory - ==> Parameters: 10(Long)
2020-04-08 02:33:54.487 [http-nio-8080-exec-6] DEBUG com.ranjit.o2o.dao.ShopDao.queryShopCount - <==      Total: 1
2020-04-08 02:33:54.490 [http-nio-8080-exec-2] DEBUG c.ranjit.o2o.dao.ShopCategoryDao.queryShopCategory - <==      Total: 2
2020-04-08 02:33:55.530 [http-nio-8080-exec-3] DEBUG c.ranjit.o2o.dao.ShopCategoryDao.queryShopCategory - ==>  Preparing: SELECT shop_category_id, shop_category_name, shop_category_desc, shop_category_img, priority, create_time, last_edit_time, parent_id FROM tb_shop_category WHERE parent_id is null ORDER BY priority DESC 
2020-04-08 02:33:55.531 [http-nio-8080-exec-3] DEBUG c.ranjit.o2o.dao.ShopCategoryDao.queryShopCategory - ==> Parameters: 
2020-04-08 02:33:55.568 [http-nio-8080-exec-3] DEBUG c.ranjit.o2o.dao.ShopCategoryDao.queryShopCategory - <==      Total: 6
2020-04-08 02:45:15.675 [main] DEBUG com.ranjit.o2o.O2oApplication - Running with Spring Boot v2.2.6.RELEASE, Spring v5.2.5.RELEASE
2020-04-08 02:45:26.062 [http-nio-8080-exec-4] DEBUG c.ranjit.o2o.dao.ShopCategoryDao.queryShopCategory - ==>  Preparing: SELECT shop_category_id, shop_category_name, shop_category_desc, shop_category_img, priority, create_time, last_edit_time, parent_id FROM tb_shop_category WHERE parent_id is null ORDER BY priority DESC 
2020-04-08 02:45:26.093 [http-nio-8080-exec-4] DEBUG c.ranjit.o2o.dao.ShopCategoryDao.queryShopCategory - ==> Parameters: 
2020-04-08 02:45:26.149 [http-nio-8080-exec-4] DEBUG c.ranjit.o2o.dao.ShopCategoryDao.queryShopCategory - <==      Total: 6
2020-04-08 02:45:26.227 [http-nio-8080-exec-4] DEBUG c.ranjit.o2o.dao.ShopCategoryDao.queryShopCategory - ==>  Preparing: SELECT shop_category_id, shop_category_name, shop_category_desc, shop_category_img, priority, create_time, last_edit_time, parent_id FROM tb_shop_category WHERE parent_id is null ORDER BY priority DESC 
2020-04-08 02:45:26.228 [http-nio-8080-exec-4] DEBUG c.ranjit.o2o.dao.ShopCategoryDao.queryShopCategory - ==> Parameters: 
2020-04-08 02:45:26.276 [http-nio-8080-exec-4] DEBUG c.ranjit.o2o.dao.ShopCategoryDao.queryShopCategory - <==      Total: 6
2020-04-08 02:45:26.336 [http-nio-8080-exec-4] DEBUG com.ranjit.o2o.dao.HeadLineDao.queryHeadLine - ==>  Preparing: SELECT line_id, line_name, line_link, line_img, priority, enable_status, create_time, last_edit_time FROM tb_head_line WHERE enable_status = ? ORDER BY priority DESC 
2020-04-08 02:45:26.337 [http-nio-8080-exec-4] DEBUG com.ranjit.o2o.dao.HeadLineDao.queryHeadLine - ==> Parameters: 1(Integer)
2020-04-08 02:45:26.369 [http-nio-8080-exec-4] DEBUG com.ranjit.o2o.dao.HeadLineDao.queryHeadLine - <==      Total: 4
2020-04-08 15:32:37.641 [main] DEBUG com.ranjit.o2o.dao.AreaDaoTest - Running with Spring Boot v2.2.6.RELEASE, Spring v5.2.5.RELEASE
2020-04-08 15:32:42.793 [main] DEBUG com.ranjit.o2o.dao.AreaDao.queryArea - ==>  Preparing: SELECT area_id, area_name, priority, create_time, last_edit_time FROM tb_area ORDER BY priority DESC 
2020-04-08 15:32:42.822 [main] DEBUG com.ranjit.o2o.dao.AreaDao.queryArea - ==> Parameters: 
2020-04-08 15:32:42.904 [main] DEBUG com.ranjit.o2o.dao.AreaDao.queryArea - <==      Total: 5
